downloading uv 0.11.7 x86_64-unknown-linux-gnu
--2026-04-19 22:04:58--  https://releases.astral.sh/github/uv/releases/download/0.11.7/uv-x86_64-unknown-linux-gnu.tar.gz
Resolving releases.astral.sh (releases.astral.sh)... 104.26.13.77, 104.26.12.77, 172.67.68.3, ...
Connecting to releases.astral.sh (releases.astral.sh)|104.26.13.77|:443... connected.
HTTP request sent, awaiting response... 200 OK
Length: 24249861 (23M) [application/x-tar]
Saving to: '/tmp/tmp.M65zrbQ0ED/input.tar.gz'

     0K .......... .......... .......... .......... ..........  0% 14.5M 2s
    50K .......... .......... .......... .......... ..........  0% 2.76M 5s
   100K .......... .......... .......... .......... ..........  0% 2.96M 6s
   150K .......... .......... .......... .......... ..........  0% 10.7M 5s
   200K .......... .......... .......... .......... ..........  1% 3.65M 5s
   250K .......... .......... .......... .......... ..........  1% 11.7M 5s
   300K .......... .......... .......... .......... ..........  1% 19.1M 4s
   350K .......... .......... .......... .......... ..........  1% 13.3M 4s
   400K .......... .......... .......... .......... ..........  1% 3.99M 4s
   450K .......... .......... .......... .......... ..........  2% 20.6M 4s
   500K .......... .......... .......... .......... ..........  2% 25.8M 3s
   550K .......... .......... .......... .......... ..........  2% 17.2M 3s
   600K .......... .......... .......... .......... ..........  2% 6.45M 3s
   650K .......... .......... .......... .......... ..........  2% 11.1M 3s
   700K .......... .......... .......... .......... ..........  3% 30.6M 3s
   750K .......... .......... .......... .......... ..........  3% 25.3M 3s
   800K .......... .......... .......... .......... ..........  3% 24.0M 3s
   850K .......... .......... .......... .......... ..........  3% 24.1M 3s
   900K .......... .......... .......... .......... ..........  4% 6.12M 3s
   950K .......... .......... .......... .......... ..........  4% 16.4M 3s
  1000K .......... .......... .......... .......... ..........  4% 35.0M 3s
  1050K .......... .......... .......... .......... ..........  4% 47.1M 2s
  1100K .......... .......... .......... .......... ..........  4% 45.4M 2s
  1150K .......... .......... .......... .......... ..........  5% 28.6M 2s
  1200K .......... .......... .......... .......... ..........  5% 49.7M 2s
  1250K .......... .......... .......... .......... ..........  5% 31.2M 2s
  1300K .......... .......... .......... .......... ..........  5% 11.1M 2s
  1350K .......... .......... .......... .......... ..........  5% 8.53M 2s
  1400K .......... .......... .......... .......... ..........  6%  126M 2s
  1450K .......... .......... .......... .......... ..........  6% 46.5M 2s
  1500K .......... .......... .......... .......... ..........  6% 50.1M 2s
  1550K .......... .......... .......... .......... ..........  6% 50.5M 2s
  1600K .......... .......... .......... .......... ..........  6% 50.1M 2s
  1650K .......... .......... .......... .......... ..........  7% 50.0M 2s
  1700K .......... .......... .......... .......... ..........  7% 33.2M 2s
  1750K .......... .......... .......... .......... ..........  7%  104M 2s
  1800K .......... .......... .......... .......... ..........  7% 33.5M 2s
  1850K .......... .......... .......... .......... ..........  8% 48.4M 2s
  1900K .......... .......... .......... .......... ..........  8% 10.6M 2s
  1950K .......... .......... .......... .......... ..........  8% 11.4M 2s
  2000K .......... .......... .......... .......... ..........  8%  108M 2s
  2050K .......... .......... .......... .......... ..........  8% 69.3M 2s
  2100K .......... .......... .......... .......... ..........  9%  128M 2s
  2150K .......... .......... .......... .......... ..........  9% 64.7M 2s
  2200K .......... .......... .......... .......... ..........  9% 75.1M 1s
  2250K .......... .......... .......... .......... ..........  9% 61.7M 1s
  2300K .......... .......... .......... .......... ..........  9%  130M 1s
  2350K .......... .......... .......... .......... .......... 10% 62.8M 1s
  2400K .......... .......... .......... .......... .......... 10% 77.0M 1s
  2450K .......... .......... .......... .......... .......... 10% 68.5M 1s
  2500K .......... .......... .......... .......... .......... 10% 85.0M 1s
  2550K .......... .......... .......... .......... .......... 10%  110M 1s
  2600K .......... .......... .......... .......... .......... 11% 84.4M 1s
  2650K .......... .......... .......... .......... .......... 11% 50.1M 1s
  2700K .......... .......... .......... .......... .......... 11% 52.1M 1s
  2750K .......... .......... .......... .......... .......... 11% 11.9M 1s
  2800K .......... .......... .......... .......... .......... 12% 10.9M 1s
  2850K .......... .......... .......... .......... .......... 12% 97.3M 1s
  2900K .......... .......... .......... .......... .......... 12%  126M 1s
  2950K .......... .......... .......... .......... .......... 12%  129M 1s
  3000K .......... .......... .......... .......... .......... 12% 84.4M 1s
  3050K .......... .......... .......... .......... .......... 13% 85.2M 1s
  3100K .......... .......... .......... .......... .......... 13%  124M 1s
  3150K .......... .......... .......... .......... .......... 13% 86.5M 1s
  3200K .......... .......... .......... .......... .......... 13%  107M 1s
  3250K .......... .......... .......... .......... .......... 13% 95.1M 1s
  3300K .......... .......... .......... .......... .......... 14%  126M 1s
  3350K .......... .......... .......... .......... .......... 14%  110M 1s
  3400K .......... .......... .......... .......... .......... 14% 85.5M 1s
  3450K .......... .......... .......... .......... .......... 14%  125M 1s
  3500K .......... .......... .......... .......... .......... 14%  129M 1s
  3550K .......... .......... .......... .......... .......... 15% 96.3M 1s
  3600K .......... .......... .......... .......... .......... 15%  121M 1s
  3650K .......... .......... .......... .......... .......... 15% 86.8M 1s
  3700K .......... .......... .......... .......... .......... 15%  125M 1s
  3750K .......... .......... .......... .......... .......... 16% 86.2M 1s
  3800K .......... .......... .......... .......... .......... 16% 40.4M 1s
  3850K .......... .......... .......... .......... .......... 16%  112M 1s
  3900K .......... .......... .......... .......... .......... 16% 13.1M 1s
  3950K .......... .......... .......... .......... .......... 16% 11.9M 1s
  4000K .......... .......... .......... .......... .......... 17% 97.6M 1s
  4050K .......... .......... .......... .......... .......... 17%  108M 1s
  4100K .......... .......... .......... .......... .......... 17% 98.7M 1s
  4150K .......... .......... .......... .......... .......... 17%  122M 1s
  4200K .......... .......... .......... .......... .......... 17%  127M 1s
  4250K .......... .......... .......... .......... .......... 18%  125M 1s
  4300K .......... .......... .......... .......... .......... 18% 83.9M 1s
  4350K .......... .......... .......... .......... .......... 18%  130M 1s
  4400K .......... .......... .......... .......... .......... 18%  126M 1s
  4450K .......... .......... .......... .......... .......... 19%  108M 1s
  4500K .......... .......... .......... .......... .......... 19% 96.9M 1s
  4550K .......... .......... .......... .......... .......... 19%  128M 1s
  4600K .......... .......... .......... .......... .......... 19%  126M 1s
  4650K .......... .......... .......... .......... .......... 19%  130M 1s
  4700K .......... .......... .......... .......... .......... 20%  108M 1s
  4750K .......... .......... .......... .......... .......... 20% 94.5M 1s
  4800K .......... .......... .......... .......... .......... 20%  110M 1s
  4850K .......... .......... .......... .......... .......... 20% 96.6M 1s
  4900K .......... .......... .......... .......... .......... 20%  123M 1s
  4950K .......... .......... .......... .......... .......... 21%  128M 1s
  5000K .......... .......... .......... .......... .......... 21%  127M 1s
  5050K .......... .......... .......... .......... .......... 21%  109M 1s
  5100K .......... .......... .......... .......... .......... 21% 96.3M 1s
  5150K .......... .......... .......... .......... .......... 21%  108M 1s
  5200K .......... .......... .......... .......... .......... 22% 95.6M 1s
  5250K .......... .......... .......... .......... .......... 22%  131M 1s
  5300K .......... .......... .......... .......... .......... 22%  123M 1s
  5350K .......... .......... .......... .......... .......... 22%  124M 1s
  5400K .......... .......... .......... .......... .......... 23%  109M 1s
  5450K .......... .......... .......... .......... .......... 23%  130M 1s
  5500K .......... .......... .......... .......... .......... 23% 95.2M 1s
  5550K .......... .......... .......... .......... .......... 23% 85.4M 1s
  5600K .......... .......... .......... .......... .......... 23%  124M 1s
  5650K .......... .......... .......... .......... .......... 24% 12.7M 1s
  5700K .......... .......... .......... .......... .......... 24%  112M 1s
  5750K .......... .......... .......... .......... .......... 24%  127M 1s
  5800K .......... .......... .......... .......... .......... 24% 94.9M 1s
  5850K .......... .......... .......... .......... .......... 24%  124M 1s
  5900K .......... .......... .......... .......... .......... 25%  132M 1s
  5950K .......... .......... .......... .......... .......... 25% 84.7M 1s
  6000K .......... .......... .......... .......... .......... 25%  128M 1s
  6050K .......... .......... .......... .......... .......... 25%  124M 1s
  6100K .......... .......... .......... .......... .......... 25%  124M 1s
  6150K .......... .......... .......... .......... .......... 26%  114M 1s
  6200K .......... .......... .......... .......... .......... 26% 84.9M 1s
  6250K .......... .......... .......... .......... .......... 26%  126M 1s
  6300K .......... .......... .......... .......... .......... 26% 95.8M 1s
  6350K .......... .......... .......... .......... .......... 27%  123M 1s
  6400K .......... .......... .......... .......... .......... 27%  126M 1s
  6450K .......... .......... .......... .......... .......... 27% 95.0M 1s
  6500K .......... .......... .......... .......... .......... 27%  154M 1s
  6550K .......... .......... .......... .......... .......... 27%  127M 1s
  6600K .......... .......... .......... .......... .......... 28% 84.8M 1s
  6650K .......... .......... .......... .......... .......... 28% 98.0M 1s
  6700K .......... .......... .......... .......... .......... 28%  124M 1s
  6750K .......... .......... .......... .......... .......... 28%  126M 1s
  6800K .......... .......... .......... .......... .......... 28% 2.15M 1s
  6850K .......... .......... .......... .......... .......... 29%  177M 1s
  6900K .......... .......... .......... .......... .......... 29%  210M 1s
  6950K .......... .......... .......... .......... .......... 29%  222M 1s
  7000K .......... .......... .......... .......... .......... 29%  185M 1s
  7050K .......... .......... .......... .......... .......... 29%  240M 1s
  7100K .......... .......... .......... .......... .......... 30% 68.9M 1s
  7150K .......... .......... .......... .......... .......... 30%  175M 1s
  7200K .......... .......... .......... .......... .......... 30%  203M 1s
  7250K .......... .......... .......... .......... .......... 30%  225M 1s
  7300K .......... .......... .......... .......... .......... 31%  240M 1s
  7350K .......... .......... .......... .......... .......... 31%  241M 1s
  7400K .......... .......... .......... .......... .......... 31%  177M 1s
  7450K .......... .......... .......... .......... .......... 31%  235M 1s
  7500K .......... .......... .......... .......... .......... 31%  246M 1s
  7550K .......... .......... .......... .......... .......... 32%  251M 1s
  7600K .......... .......... .......... .......... .......... 32%  217M 1s
  7650K .......... .......... .......... .......... .......... 32%  226M 1s
  7700K .......... .......... .......... .......... .......... 32%  240M 1s
  7750K .......... .......... .......... .......... .......... 32%  229M 0s
  7800K .......... .......... .......... .......... .......... 33%  181M 0s
  7850K .......... .......... .......... .......... .......... 33% 70.2M 0s
  7900K .......... .......... .......... .......... .......... 33%  214M 0s
  7950K .......... .......... .......... .......... .......... 33%  227M 0s
  8000K .......... .......... .......... .......... .......... 33%  215M 0s
  8050K .......... .......... .......... .......... .......... 34%  241M 0s
  8100K .......... .......... .......... .......... .......... 34%  231M 0s
  8150K .......... .......... .......... .......... .......... 34%  244M 0s
  8200K .......... .......... .......... .......... .......... 34%  190M 0s
  8250K .......... .......... .......... .......... .......... 35%  245M 0s
  8300K .......... .......... .......... .......... .......... 35%  250M 0s
  8350K .......... .......... .......... .......... .......... 35%  218M 0s
  8400K .......... .......... .......... .......... .......... 35%  238M 0s
  8450K .......... .......... .......... .......... .......... 35%  168M 0s
  8500K .......... .......... .......... .......... .......... 36%  240M 0s
  8550K .......... .......... .......... .......... .......... 36%  240M 0s
  8600K .......... .......... .......... .......... .......... 36% 21.9M 0s
  8650K .......... .......... .......... .......... .......... 36%  160M 0s
  8700K .......... .......... .......... .......... .......... 36%  106M 0s
  8750K .......... .......... .......... .......... .......... 37%  110M 0s
  8800K .......... .......... .......... .......... .......... 37% 64.5M 0s
  8850K .......... .......... .......... .......... .......... 37% 97.1M 0s
  8900K .......... .......... .......... .......... .......... 37% 78.8M 0s
  8950K .......... .......... .......... .......... .......... 38%  106M 0s
  9000K .......... .......... .......... .......... .......... 38%  114M 0s
  9050K .......... .......... .......... .......... .......... 38% 77.2M 0s
  9100K .......... .......... .......... .......... .......... 38% 84.9M 0s
  9150K .......... .......... .......... .......... .......... 38% 88.4M 0s
  9200K .......... .......... .......... .......... .......... 39%  127M 0s
  9250K .......... .......... .......... .......... .......... 39% 78.2M 0s
  9300K .......... .......... .......... .......... .......... 39% 1.08M 0s
  9350K .......... .......... .......... .......... .......... 39%  126M 0s
  9400K .......... .......... .......... .......... .......... 39%  210M 0s
  9450K .......... .......... .......... .......... .......... 40%  230M 0s
  9500K .......... .......... .......... .......... .......... 40%  212M 0s
  9550K .......... .......... .......... .......... .......... 40%  226M 0s
  9600K .......... .......... .......... .......... .......... 40%  242M 0s
  9650K .......... .......... .......... .......... .......... 40%  185M 0s
  9700K .......... .......... .......... .......... .......... 41%  165M 0s
  9750K .......... .......... .......... .......... .......... 41%  222M 0s
  9800K .......... .......... .......... .......... .......... 41%  226M 0s
  9850K .......... .......... .......... .......... .......... 41%  242M 0s
  9900K .......... .......... .......... .......... .......... 42%  238M 0s
  9950K .......... .......... .......... .......... .......... 42%  183M 0s
 10000K .......... .......... .......... .......... .......... 42%  216M 0s
 10050K .......... .......... .......... .......... .......... 42%  244M 0s
 10100K .......... .......... .......... .......... .......... 42%  232M 0s
 10150K .......... .......... .......... .......... .......... 43%  213M 0s
 10200K .......... .......... .......... .......... .......... 43%  234M 0s
 10250K .......... .......... .......... .......... .......... 43%  228M 0s
 10300K .......... .......... .......... .......... .......... 43%  240M 0s
 10350K .......... .......... .......... .......... .......... 43%  187M 0s
 10400K .......... .......... .......... .......... .......... 44%  219M 0s
 10450K .......... .......... .......... .......... .......... 44%  215M 0s
 10500K .......... .......... .......... .......... .......... 44%  198M 0s
 10550K .......... .......... .......... .......... .......... 44%  220M 0s
 10600K .......... .......... .......... .......... .......... 44%  218M 0s
 10650K .......... .......... .......... .......... .......... 45%  225M 0s
 10700K .......... .......... .......... .......... .......... 45%  235M 0s
 10750K .......... .......... .......... .......... .......... 45%  229M 0s
 10800K .......... .......... .......... .......... .......... 45%  242M 0s
 10850K .......... .......... .......... .......... .......... 46%  226M 0s
 10900K .......... .......... .......... .......... .......... 46%  125M 0s
 10950K .......... .......... .......... .......... .......... 46%  230M 0s
 11000K .......... .......... .......... .......... .......... 46%  227M 0s
 11050K .......... .......... .......... .......... .......... 46%  237M 0s
 11100K .......... .......... .......... .......... .......... 47%  221M 0s
 11150K .......... .......... .......... .......... .......... 47%  241M 0s
 11200K .......... .......... .......... .......... .......... 47%  184M 0s
 11250K .......... .......... .......... .......... .......... 47%  242M 0s
 11300K .......... .......... .......... .......... .......... 47%  237M 0s
 11350K .......... .......... .......... .......... .......... 48%  240M 0s
 11400K .......... .......... .......... .......... .......... 48%  241M 0s
 11450K .......... .......... .......... .......... .......... 48%  248M 0s
 11500K .......... .......... .......... .......... .......... 48%  249M 0s
 11550K .......... .......... .......... .......... .......... 48%  206M 0s
 11600K .......... .......... .......... .......... .......... 49%  247M 0s
 11650K .......... .......... .......... .......... .......... 49%  246M 0s
 11700K .......... .......... .......... .......... .......... 49%  240M 0s
 11750K .......... .......... .......... .......... .......... 49%  187M 0s
 11800K .......... .......... .......... .......... .......... 50%  231M 0s
 11850K .......... .......... .......... .......... .......... 50%  250M 0s
 11900K .......... .......... .......... .......... .......... 50%  245M 0s
 11950K .......... .......... .......... .......... .......... 50%  250M 0s
 12000K .......... .......... .......... .......... .......... 50%  251M 0s
 12050K .......... .......... .......... .......... .......... 51%  179M 0s
 12100K .......... .......... .......... .......... .......... 51%  245M 0s
 12150K .......... .......... .......... .......... .......... 51%  246M 0s
 12200K .......... .......... .......... .......... .......... 51%  248M 0s
 12250K .......... .......... .......... .......... .......... 51%  238M 0s
 12300K .......... .......... .......... .......... .......... 52%  259M 0s
 12350K .......... .......... .......... .......... .......... 52%  260M 0s
 12400K .......... .......... .......... .......... .......... 52%  271M 0s
 12450K .......... .......... .......... .......... .......... 52% 79.0M 0s
 12500K .......... .......... .......... .......... .......... 52%  267M 0s
 12550K .......... .......... .......... .......... .......... 53%  333M 0s
 12600K .......... .......... .......... .......... .......... 53%  211M 0s
 12650K .......... .......... .......... .......... .......... 53%  303M 0s
 12700K .......... .......... .......... .......... .......... 53%  292M 0s
 12750K .......... .......... .......... .......... .......... 54%  306M 0s
 12800K .......... .......... .......... .......... .......... 54%  302M 0s
 12850K .......... .......... .......... .......... .......... 54%  308M 0s
 12900K .......... .......... .......... .......... .......... 54%  299M 0s
 12950K .......... .......... .......... .......... .......... 54%  345M 0s
 13000K .......... .......... .......... .......... .......... 55%  272M 0s
 13050K .......... .......... .......... .......... .......... 55%  347M 0s
 13100K .......... .......... .......... .......... .......... 55%  343M 0s
 13150K .......... .......... .......... .......... .......... 55%  349M 0s
 13200K .......... .......... .......... .......... .......... 55%  353M 0s
 13250K .......... .......... .......... .......... .......... 56%  350M 0s
 13300K .......... .......... .......... .......... .......... 56%  384M 0s
 13350K .......... .......... .......... .......... .......... 56%  264M 0s
 13400K .......... .......... .......... .......... .......... 56%  398M 0s
 13450K .......... .......... .......... .......... .......... 57%  390M 0s
 13500K .......... .......... .......... .......... .......... 57%  393M 0s
 13550K .......... .......... .......... .......... .......... 57%  396M 0s
 13600K .......... .......... .......... .......... .......... 57%  390M 0s
 13650K .......... .......... .......... .......... .......... 57%  415M 0s
 13700K .......... .......... .......... .......... .......... 58%  441M 0s
 13750K .......... .......... .......... .......... .......... 58%  307M 0s
 13800K .......... .......... .......... .......... .......... 58%  440M 0s
 13850K .......... .......... .......... .......... .......... 58%  429M 0s
 13900K .......... .......... .......... .......... .......... 58%  440M 0s
 13950K .......... .......... .......... .......... .......... 59%  422M 0s
 14000K .......... .......... .......... .......... .......... 59%  427M 0s
 14050K .......... .......... .......... .......... .......... 59%  436M 0s
 14100K .......... .......... .......... .......... .......... 59%  419M 0s
 14150K .......... .......... .......... .......... .......... 59%  350M 0s
 14200K .......... .......... .......... .......... .......... 60%  426M 0s
 14250K .......... .......... .......... .......... .......... 60%  475M 0s
 14300K .......... .......... .......... .......... .......... 60%  474M 0s
 14350K .......... .......... .......... .......... .......... 60%  465M 0s
 14400K .......... .......... .......... .......... .......... 61%  525M 0s
 14450K .......... .......... .......... .......... .......... 61%  506M 0s
 14500K .......... .......... .......... .......... .......... 61%  495M 0s
 14550K .......... .......... .......... .......... .......... 61%  391M 0s
 14600K .......... .......... .......... .......... .......... 61%  494M 0s
 14650K .......... .......... .......... .......... .......... 62%  501M 0s
 14700K .......... .......... .......... .......... .......... 62%  503M 0s
 14750K .......... .......... .......... .......... .......... 62%  521M 0s
 14800K .......... .......... .......... .......... .......... 62%  507M 0s
 14850K .......... .......... .......... .......... .......... 62%  513M 0s
 14900K .......... .......... .......... .......... .......... 63%  553M 0s
 14950K .......... .......... .......... .......... .......... 63%  428M 0s
 15000K .......... .......... .......... .......... .......... 63%  564M 0s
 15050K .......... .......... .......... .......... .......... 63%  579M 0s
 15100K .......... .......... .......... .......... .......... 63%  542M 0s
 15150K .......... .......... .......... .......... .......... 64%  617M 0s
 15200K .......... .......... .......... .......... .......... 64%  441M 0s
 15250K .......... .......... .......... .......... .......... 64%  600M 0s
 15300K .......... .......... .......... .......... .......... 64%  591M 0s
 15350K .......... .......... .......... .......... .......... 65%  594M 0s
 15400K .......... .......... .......... .......... .......... 65%  582M 0s
 15450K .......... .......... .......... .......... .......... 65%  635M 0s
 15500K .......... .......... .......... .......... .......... 65%  628M 0s
 15550K .......... .......... .......... .......... .......... 65%  658M 0s
 15600K .......... .......... .......... .......... .......... 66%  480M 0s
 15650K .......... .......... .......... .......... .......... 66%  669M 0s
 15700K .......... .......... .......... .......... .......... 66%  672M 0s
 15750K .......... .......... .......... .......... .......... 66%  649M 0s
 15800K .......... .......... .......... .......... .......... 66%  645M 0s
 15850K .......... .......... .......... .......... .......... 67%  632M 0s
 15900K .......... .......... .......... .......... .......... 67%  669M 0s
 15950K .......... .......... .......... .......... .......... 67%  675M 0s
 16000K .......... .......... .......... .......... .......... 67%  506M 0s
 16050K .......... .......... .......... .......... .......... 67%  693M 0s
 16100K .......... .......... .......... .......... .......... 68%  753M 0s
 16150K .......... .......... .......... .......... .......... 68%  724M 0s
 16200K .......... .......... .......... .......... .......... 68%  778M 0s
 16250K .......... .......... .......... .......... .......... 68%  779M 0s
 16300K .......... .......... .......... .......... .......... 69%  772M 0s
 16350K .......... .......... .......... .......... .......... 69%  749M 0s
 16400K .......... .......... .......... .......... .......... 69%  568M 0s
 16450K .......... .......... .......... .......... .......... 69%  755M 0s
 16500K .......... .......... .......... .......... .......... 69%  753M 0s
 16550K .......... .......... .......... .......... .......... 70%  614M 0s
 16600K .......... .......... .......... .......... .......... 70%  761M 0s
 16650K .......... .......... .......... .......... .......... 70%  766M 0s
 16700K .......... .......... .......... .......... .......... 70%  836M 0s
 16750K .......... .......... .......... .......... .......... 70%  255M 0s
 16800K .......... .......... .......... .......... .......... 71%  161M 0s
 16850K .......... .......... .......... .......... .......... 71%  102M 0s
 16900K .......... .......... .......... .......... .......... 71%  133M 0s
 16950K .......... .......... .......... .......... .......... 71% 96.7M 0s
 17000K .......... .......... .......... .......... .......... 71% 88.3M 0s
 17050K .......... .......... .......... .......... .......... 72% 2.18M 0s
 17100K .......... .......... .......... .......... .......... 72%  129M 0s
 17150K .......... .......... .......... .......... .......... 72%  176M 0s
 17200K .......... .......... .......... .......... .......... 72%  194M 0s
 17250K .......... .......... .......... .......... .......... 73%  182M 0s
 17300K .......... .......... .......... .......... .......... 73%  161M 0s
 17350K .......... .......... .......... .......... .......... 73%  228M 0s
 17400K .......... .......... .......... .......... .......... 73%  156M 0s
 17450K .......... .......... .......... .......... .......... 73%  153M 0s
 17500K .......... .......... .......... .......... .......... 74%  136M 0s
 17550K .......... .......... .......... .......... .......... 74%  228M 0s
 17600K .......... .......... .......... .......... .......... 74%  169M 0s
 17650K .......... .......... .......... .......... .......... 74%  218M 0s
 17700K .......... .......... .......... .......... .......... 74%  166M 0s
 17750K .......... .......... .......... .......... .......... 75%  153M 0s
 17800K .......... .......... .......... .......... .......... 75%  231M 0s
 17850K .......... .......... .......... .......... .......... 75%  163M 0s
 17900K .......... .......... .......... .......... .......... 75%  144M 0s
 17950K .......... .......... .......... .......... .......... 76%  193M 0s
 18000K .......... .......... .......... .......... .......... 76%  196M 0s
 18050K .......... .......... .......... .......... .......... 76%  131M 0s
 18100K .......... .......... .......... .......... .......... 76%  214M 0s
 18150K .......... .......... .......... .......... .......... 76%  175M 0s
 18200K .......... .......... .......... .......... .......... 77%  153M 0s
 18250K .......... .......... .......... .......... .......... 77%  179M 0s
 18300K .......... .......... .......... .......... .......... 77%  198M 0s
 18350K .......... .......... .......... .......... .......... 77%  187M 0s
 18400K .......... .......... .......... .......... .......... 77%  145M 0s
 18450K .......... .......... .......... .......... .......... 78%  128M 0s
 18500K .......... .......... .......... .......... .......... 78%  156M 0s
 18550K .......... .......... .......... .......... .......... 78%  239M 0s
 18600K .......... .......... .......... .......... .......... 78%  245M 0s
 18650K .......... .......... .......... .......... .......... 78%  157M 0s
 18700K .......... .......... .......... .......... .......... 79%  189M 0s
 18750K .......... .......... .......... .......... .......... 79%  138M 0s
 18800K .......... .......... .......... .......... .......... 79%  258M 0s
 18850K .......... .......... .......... .......... .......... 79%  165M 0s
 18900K .......... .......... .......... .......... .......... 80%  142M 0s
 18950K .......... .......... .......... .......... .......... 80%  159M 0s
 19000K .......... .......... .......... .......... .......... 80%  256M 0s
 19050K .......... .......... .......... .......... .......... 80%  157M 0s
 19100K .......... .......... .......... .......... .......... 80%  153M 0s
 19150K .......... .......... .......... .......... .......... 81%  121M 0s
 19200K .......... .......... .......... .......... .......... 81%  267M 0s
 19250K .......... .......... .......... .......... .......... 81%  157M 0s
 19300K .......... .......... .......... .......... .......... 81%  186M 0s
 19350K .......... .......... .......... .......... .......... 81%  207M 0s
 19400K .......... .......... .......... .......... .......... 82%  151M 0s
 19450K .......... .......... .......... .......... .......... 82%  270M 0s
 19500K .......... .......... .......... .......... .......... 82%  142M 0s
 19550K .......... .......... .......... .......... .......... 82%  127M 0s
 19600K .......... .......... .......... .......... .......... 82%  196M 0s
 19650K .......... .......... .......... .......... .......... 83%  148M 0s
 19700K .......... .......... .......... .......... .......... 83%  273M 0s
 19750K .......... .......... .......... .......... .......... 83%  155M 0s
 19800K .......... .......... .......... .......... .......... 83%  154M 0s
 19850K .......... .......... .......... .......... .......... 84%  143M 0s
 19900K .......... .......... .......... .......... .......... 84%  270M 0s
 19950K .......... .......... .......... .......... .......... 84%  239M 0s
 20000K .......... .......... .......... .......... .......... 84%  128M 0s
 20050K .......... .......... .......... .......... .......... 84%  185M 0s
 20100K .......... .......... .......... .......... .......... 85%  165M 0s
 20150K .......... .......... .......... .......... .......... 85%  197M 0s
 20200K .......... .......... .......... .......... .......... 85%  148M 0s
 20250K .......... .......... .......... .......... .......... 85%  194M 0s
 20300K .......... .......... .......... .......... .......... 85%  144M 0s
 20350K .......... .......... .......... .......... .......... 86%  267M 0s
 20400K .......... .......... .......... .......... .......... 86%  125M 0s
 20450K .......... .......... .......... .......... .......... 86%  274M 0s
 20500K .......... .......... .......... .......... .......... 86%  200M 0s
 20550K .......... .......... .......... .......... .......... 86%  141M 0s
 20600K .......... .......... .......... .......... .......... 87%  129M 0s
 20650K .......... .......... .......... .......... .......... 87%  212M 0s
 20700K .......... .......... .......... .......... .......... 87%  141M 0s
 20750K .......... .......... .......... .......... .......... 87%  210M 0s
 20800K .......... .......... .......... .......... .......... 88%  140M 0s
 20850K .......... .......... .......... .......... .......... 88% 84.7M 0s
 20900K .......... .......... .......... .......... .......... 88%  256M 0s
 20950K .......... .......... .......... .......... .......... 88%  127M 0s
 21000K .......... .......... .......... .......... .......... 88%  225M 0s
 21050K .......... .......... .......... .......... .......... 89%  138M 0s
 21100K .......... .......... .......... .......... .......... 89%  210M 0s
 21150K .......... .......... .......... .......... .......... 89%  141M 0s
 21200K .......... .......... .......... .......... .......... 89%  224M 0s
 21250K .......... .......... .......... .......... .......... 89%  126M 0s
 21300K .......... .......... .......... .......... .......... 90%  136M 0s
 21350K .......... .......... .......... .......... .......... 90%  258M 0s
 21400K .......... .......... .......... .......... .......... 90%  252M 0s
 21450K .......... .......... .......... .......... .......... 90%  186M 0s
 21500K .......... .......... .......... .......... .......... 90%  161M 0s
 21550K .......... .......... .......... .......... .......... 91%  212M 0s
 21600K .......... .......... .......... .......... .......... 91%  137M 0s
 21650K .......... .......... .......... .......... .......... 91%  131M 0s
 21700K .......... .......... .......... .......... .......... 91%  204M 0s
 21750K .......... .......... .......... .......... .......... 92%  142M 0s
 21800K .......... .......... .......... .......... .......... 92%  252M 0s
 21850K .......... .......... .......... .......... .......... 92%  182M 0s
 21900K .......... .......... .......... .......... .......... 92%  163M 0s
 21950K .......... .......... .......... .......... .......... 92%  213M 0s
 22000K .......... .......... .......... .......... .......... 93%  138M 0s
 22050K .......... .......... .......... .......... .......... 93%  132M 0s
 22100K .......... .......... .......... .......... .......... 93%  241M 0s
 22150K .......... .......... .......... .......... .......... 93%  206M 0s
 22200K .......... .......... .......... .......... .......... 93%  140M 0s
 22250K .......... .......... .......... .......... .......... 94%  266M 0s
 22300K .......... .......... .......... .......... .......... 94%  177M 0s
 22350K .......... .......... .......... .......... .......... 94%  129M 0s
 22400K .......... .......... .......... .......... .......... 94%  161M 0s
 22450K .......... .......... .......... .......... .......... 95%  236M 0s
 22500K .......... .......... .......... .......... .......... 95%  219M 0s
 22550K .......... .......... .......... .......... .......... 95%  209M 0s
 22600K .......... .......... .......... .......... .......... 95%  256M 0s
 22650K .......... .......... .......... .......... .......... 95%  439M 0s
 22700K .......... .......... .......... .......... .......... 96%  410M 0s
 22750K .......... .......... .......... .......... .......... 96%  337M 0s
 22800K .......... .......... .......... .......... .......... 96%  492M 0s
 22850K .......... .......... .......... .......... .......... 96%  428M 0s
 22900K .......... .......... .......... .......... .......... 96%  333M 0s
 22950K .......... .......... .......... .......... .......... 97%  412M 0s
 23000K .......... .......... .......... .......... .......... 97%  433M 0s
 23050K .......... .......... .......... .......... .......... 97%  423M 0s
 23100K .......... .......... .......... .......... .......... 97%  444M 0s
 23150K .......... .......... .......... .......... .......... 97%  439M 0s
 23200K .......... .......... .......... .......... .......... 98%  386M 0s
 23250K .......... .......... .......... .......... .......... 98%  437M 0s
 23300K .......... .......... .......... .......... .......... 98%  343M 0s
 23350K .......... .......... .......... .......... .......... 98%  480M 0s
 23400K .......... .......... .......... .......... .......... 99%  482M 0s
 23450K .......... .......... .......... .......... .......... 99%  148M 0s
 23500K .......... .......... .......... .......... .......... 99%  130M 0s
 23550K .......... .......... .......... .......... .......... 99%  126M 0s
 23600K .......... .......... .......... .......... .......... 99%  125M 0s
 23650K .......... .......... .......... .                    100%  146M=0.4s

2026-04-19 22:04:58 (59.9 MB/s) - '/tmp/tmp.M65zrbQ0ED/input.tar.gz' saved [24249861/24249861]

Using CPython 3.12.3 interpreter at: /usr/bin/python3
Creating virtual environment at: .venv
Downloading nvidia-cufile (1.2MiB)
Downloading tokenizers (3.1MiB)
Downloading pygments (1.2MiB)
Downloading setuptools (1.0MiB)
Downloading numpy (15.9MiB)
Downloading aiohttp (1.7MiB)
Downloading nvidia-cusparselt-cu13 (162.0MiB)
Downloading pydantic-core (2.0MiB)
Downloading nvidia-nccl-cu13 (187.4MiB)
Downloading opencv-python-headless (57.6MiB)
Downloading hf-xet (4.0MiB)
Downloading nvidia-curand (56.8MiB)
Downloading sympy (6.0MiB)
Downloading networkx (2.0MiB)
Downloading nvidia-nvshmem-cu13 (57.6MiB)
Downloading scikit-learn (8.5MiB)
Downloading nvidia-nvjitlink (38.8MiB)
Downloading nvidia-cusparse (139.2MiB)
Downloading nvidia-cusolver (191.6MiB)
Downloading nvidia-cufft (204.2MiB)
Downloading transformers (9.8MiB)
Downloading triton (179.5MiB)
Downloading torchvision (7.2MiB)
Downloading nvidia-cuda-runtime (2.1MiB)
Downloading scipy (33.6MiB)
Downloading nvidia-cudnn-cu13 (349.1MiB)
Downloading stringzilla (2.0MiB)
Downloading torch (506.1MiB)
Downloading nvidia-cuda-cupti (10.2MiB)
Downloading cuda-bindings (6.0MiB)
Downloading timm (2.4MiB)
Downloading kornia-rs (2.9MiB)
Downloading nvidia-cublas (403.5MiB)
Downloading open-clip-torch (1.5MiB)
Downloading opencv-python (69.5MiB)
Downloading nvidia-cuda-nvrtc (86.0MiB)
Downloading kornia (1.0MiB)
Downloading pillow (6.8MiB)
 Downloaded nvidia-cufile
 Downloaded aiohttp
 Downloaded stringzilla
 Downloaded pydantic-core
 Downloaded nvidia-cuda-runtime
 Downloaded pygments
   Building antlr4-python3-runtime==4.9.3
 Downloaded setuptools
 Downloaded kornia
 Downloaded open-clip-torch
 Downloaded kornia-rs
 Downloaded tokenizers
 Downloaded timm
 Downloaded networkx
 Downloaded hf-xet
 Downloaded cuda-bindings
 Downloaded torchvision
 Downloaded pillow
      Built antlr4-python3-runtime==4.9.3
 Downloaded scikit-learn
 Downloaded nvidia-cuda-cupti
 Downloaded sympy
 Downloaded numpy
 Downloaded transformers
 Downloaded scipy
 Downloaded nvidia-nvjitlink
 Downloaded nvidia-curand
 Downloaded nvidia-nvshmem-cu13
 Downloaded opencv-python-headless
 Downloaded opencv-python
 Downloaded nvidia-cuda-nvrtc
 Downloaded nvidia-cusparse
 Downloaded nvidia-cusparselt-cu13
 Downloaded nvidia-nccl-cu13
 Downloaded nvidia-cusolver
 Downloaded nvidia-cufft
 Downloaded triton
 Downloaded nvidia-cudnn-cu13
 Downloaded nvidia-cublas
 Downloaded torch
Installed 91 packages in 17.74s
Warning: You are sending unauthenticated requests to the HF Hub. Please set a HF_TOKEN to enable higher rate limits and faster downloads.
Warning: You are sending unauthenticated requests to the HF Hub. Please set a HF_TOKEN to enable higher rate limits and faster downloads.
Loading weights:   0%|          | 0/196 [00:00<?, ?it/s]Loading weights:  42%|████▏     | 82/196 [00:00<00:00, 819.72it/s]Loading weights:  84%|████████▎ | 164/196 [00:00<00:00, 819.37it/s]Loading weights: 100%|██████████| 196/196 [00:00<00:00, 846.93it/s]
