Job 726 on t102-ws02.if.haw-landshut.de вҖ” NVIDIA GeForce RTX 4090
Preset: scratch  |  Starting at Sun Apr 19 23:30:23 CEST 2026
logging improved.
Enabled sliced_attention.

============================================================
  PRESET: scratch
  SD v1.5 base вҶ’ liver ControlNets from scratch
  ckpt:       ./stable-diffusion-v1-5/control_sd15.ckpt
  sd_locked:  True  |  unlock_last_n: 0
  mask_cn:    True  |  image_cn: False
  lr: 1e-05  |  decoder_lr: 1.0000000000000002e-06  |  max_steps: 20
  image_loss: 0.0  |  distill: 0.0
  ctrl_w_mask: 1.0  |  ctrl_w_image: 0.25
  log_dir:    runs/scratch
  run_tag:    (none)
  data_root:  ./data/train/prompt.json
  auto_resume:False
============================================================

[Workstation] CUDA GPU: NVIDIA GeForce RTX 4090, precision=bf16-mixed, batch=2
  logger_freq: 400 steps (every 1600 samples)
No module 'xformers'. Proceeding without it.
ControlLDM: Running in eps-prediction mode
DiffusionWrapper has 1474.61 M params.
making attention of type 'vanilla' with 512 in_channels
Working with z of shape (1, 4, 32, 32) = 4096 dimensions.
making attention of type 'vanilla' with 512 in_channels
Loaded model config from [./models/cldm_v15.yaml]
Loaded state_dict from [./stable-diffusion-v1-5/control_sd15.ckpt]

Dataset: 1601 samples, batch_size=2, effective_bs=4, steps=20

Auto-resume disabled (AUTO_RESUME=0)

в”Җв”Җ Sanity check: 2 training steps + image generation в”Җв”Җ
в”Ҹв”Ғв”Ғв”Ғв”ів”Ғв”Ғв”Ғв”Ғв”Ғв”Ғв”Ғв”Ғв”Ғв”Ғв”Ғв”Ғв”Ғв”Ғв”Ғв”Ғв”Ғв”Ғв”Ғв”Ғв”Ғв”ів”Ғв”Ғв”Ғв”Ғв”Ғв”Ғв”Ғв”Ғв”Ғв”Ғв”Ғв”Ғв”Ғв”Ғв”Ғв”Ғв”Ғв”Ғв”Ғв”Ғв”ів”Ғв”Ғв”Ғв”Ғв”Ғв”Ғв”Ғв”Ғв”ів”Ғв”Ғв”Ғв”Ғв”Ғв”Ғв”Ғв”ів”Ғв”Ғв”Ғв”Ғв”Ғв”Ғв”Ғв”“
в”ғ   в”ғ Name                в”ғ Type               в”ғ Params в”ғ Mode  в”ғ FLOPs в”ғ
в”Ўв”Ғв”Ғв”Ғв•Үв”Ғв”Ғв”Ғв”Ғв”Ғв”Ғв”Ғв”Ғв”Ғв”Ғв”Ғв”Ғв”Ғв”Ғв”Ғв”Ғв”Ғв”Ғв”Ғв”Ғв”Ғв•Үв”Ғв”Ғв”Ғв”Ғв”Ғв”Ғв”Ғв”Ғв”Ғв”Ғв”Ғв”Ғв”Ғв”Ғв”Ғв”Ғв”Ғв”Ғв”Ғв”Ғв•Үв”Ғв”Ғв”Ғв”Ғв”Ғв”Ғв”Ғв”Ғв•Үв”Ғв”Ғв”Ғв”Ғв”Ғв”Ғв”Ғв•Үв”Ғв”Ғв”Ғв”Ғв”Ғв”Ғв”Ғв”©
в”Ӯ 0 в”Ӯ model               в”Ӯ DiffusionWrapper   в”Ӯ  1.5 B в”Ӯ train в”Ӯ     0 в”Ӯ
в”Ӯ 1 в”Ӯ first_stage_model   в”Ӯ AutoencoderKL      в”Ӯ 83.7 M в”Ӯ eval  в”Ӯ     0 в”Ӯ
в”Ӯ 2 в”Ӯ cond_stage_model    в”Ӯ FrozenCLIPEmbedder в”Ӯ  123 M в”Ӯ eval  в”Ӯ     0 в”Ӯ
в”Ӯ 3 в”Ӯ control_model       в”Ӯ ControlNet         в”Ӯ  363 M в”Ӯ train в”Ӯ     0 в”Ӯ
в”Ӯ 4 в”Ӯ image_control_model в”Ӯ ControlNet         в”Ӯ  363 M в”Ӯ train в”Ӯ     0 в”Ӯ
в””в”Җв”Җв”Җв”ҙв”Җв”Җв”Җв”Җв”Җв”Җв”Җв”Җв”Җв”Җв”Җв”Җв”Җв”Җв”Җв”Җв”Җв”Җв”Җв”Җв”Җв”ҙв”Җв”Җв”Җв”Җв”Җв”Җв”Җв”Җв”Җв”Җв”Җв”Җв”Җв”Җв”Җв”Җв”Җв”Җв”Җв”Җв”ҙв”Җв”Җв”Җв”Җв”Җв”Җв”Җв”Җв”ҙв”Җв”Җв”Җв”Җв”Җв”Җв”Җв”ҙв”Җв”Җв”Җв”Җв”Җв”Җв”Җв”ҳ
Trainable params: 363 M                                                         
Non-trainable params: 2.0 B                                                     
Total params: 2.4 B                                                             
Total estimated model params size (MB): 9.6 K                                   
Modules in train mode: 2291                                                     
Modules in eval mode: 365                                                       
Total FLOPs: 0                                                                  
Data shape for DDIM sampling is (2, 4, 48, 48), eta 0.0
Running DDIM Sampling with 50 timesteps
Data shape for DDIM sampling is (2, 4, 48, 48), eta 0.0
Running DDIM Sampling with 50 timesteps
Data shape for DDIM sampling is (2, 4, 48, 48), eta 0.0
Running DDIM Sampling with 50 timesteps
Data shape for DDIM sampling is (2, 4, 48, 48), eta 0.0
Running DDIM Sampling with 50 timesteps
Data shape for DDIM sampling is (2, 4, 48, 48), eta 0.0
Running DDIM Sampling with 50 timesteps
Data shape for DDIM sampling is (2, 4, 48, 48), eta 0.0
Running DDIM Sampling with 50 timesteps
Data shape for DDIM sampling is (2, 4, 48, 48), eta 0.0
Running DDIM Sampling with 50 timesteps
Data shape for DDIM sampling is (2, 4, 48, 48), eta 0.0
Running DDIM Sampling with 50 timesteps
Epoch 0/-2 в”Ғв”Ғв”Ғв”Ғв”Ғв”Ғв”Ғв”Ғв”Ғв”Ғв”Ғв”Ғв”Ғв”Ғв”Ғв”Ғв”Ғв”Ғ 4/2 0:00:34 вҖў 0:00:00 0.06it/s v_num: 0.000       
                                                             train/loss_simple_вҖҰ
                                                             0.355              
                                                             train/loss_vlb_steвҖҰ
                                                             0.004              
                                                             train/loss_step:   
                                                             0.355 global_step: 
                                                             1.000              
                                                             train/loss_simple_вҖҰ
                                                             0.136              
                                                             train/loss_vlb_epoвҖҰ
                                                             0.001              
                                                             train/loss_epoch:  
                                                             0.136              
в”Җв”Җ Sanity check passed вң“ в”Җв”Җ

TensorBoard logs: runs/scratch/tb/version_0

Starting training from: ./stable-diffusion-v1-5/control_sd15.ckpt
в”Ҹв”Ғв”Ғв”Ғв”ів”Ғв”Ғв”Ғв”Ғв”Ғв”Ғв”Ғв”Ғв”Ғв”Ғв”Ғв”Ғв”Ғв”Ғв”Ғв”Ғв”Ғв”Ғв”Ғв”Ғв”Ғв”ів”Ғв”Ғв”Ғв”Ғв”Ғв”Ғв”Ғв”Ғв”Ғв”Ғв”Ғв”Ғв”Ғв”Ғв”Ғв”Ғв”Ғв”Ғв”Ғв”Ғв”ів”Ғв”Ғв”Ғв”Ғв”Ғв”Ғв”Ғв”Ғв”ів”Ғв”Ғв”Ғв”Ғв”Ғв”Ғв”Ғв”ів”Ғв”Ғв”Ғв”Ғв”Ғв”Ғв”Ғв”“
в”ғ   в”ғ Name                в”ғ Type               в”ғ Params в”ғ Mode  в”ғ FLOPs в”ғ
в”Ўв”Ғв”Ғв”Ғв•Үв”Ғв”Ғв”Ғв”Ғв”Ғв”Ғв”Ғв”Ғв”Ғв”Ғв”Ғв”Ғв”Ғв”Ғв”Ғв”Ғв”Ғв”Ғв”Ғв”Ғв”Ғв•Үв”Ғв”Ғв”Ғв”Ғв”Ғв”Ғв”Ғв”Ғв”Ғв”Ғв”Ғв”Ғв”Ғв”Ғв”Ғв”Ғв”Ғв”Ғв”Ғв”Ғв•Үв”Ғв”Ғв”Ғв”Ғв”Ғв”Ғв”Ғв”Ғв•Үв”Ғв”Ғв”Ғв”Ғв”Ғв”Ғв”Ғв•Үв”Ғв”Ғв”Ғв”Ғв”Ғв”Ғв”Ғв”©
в”Ӯ 0 в”Ӯ model               в”Ӯ DiffusionWrapper   в”Ӯ  1.5 B в”Ӯ train в”Ӯ     0 в”Ӯ
в”Ӯ 1 в”Ӯ first_stage_model   в”Ӯ AutoencoderKL      в”Ӯ 83.7 M в”Ӯ eval  в”Ӯ     0 в”Ӯ
в”Ӯ 2 в”Ӯ cond_stage_model    в”Ӯ FrozenCLIPEmbedder в”Ӯ  123 M в”Ӯ eval  в”Ӯ     0 в”Ӯ
в”Ӯ 3 в”Ӯ control_model       в”Ӯ ControlNet         в”Ӯ  363 M в”Ӯ train в”Ӯ     0 в”Ӯ
в”Ӯ 4 в”Ӯ image_control_model в”Ӯ ControlNet         в”Ӯ  363 M в”Ӯ train в”Ӯ     0 в”Ӯ
в””в”Җв”Җв”Җв”ҙв”Җв”Җв”Җв”Җв”Җв”Җв”Җв”Җв”Җв”Җв”Җв”Җв”Җв”Җв”Җв”Җв”Җв”Җв”Җв”Җв”Җв”ҙв”Җв”Җв”Җв”Җв”Җв”Җв”Җв”Җв”Җв”Җв”Җв”Җв”Җв”Җв”Җв”Җв”Җв”Җв”Җв”Җв”ҙв”Җв”Җв”Җв”Җв”Җв”Җв”Җв”Җв”ҙв”Җв”Җв”Җв”Җв”Җв”Җв”Җв”ҙв”Җв”Җв”Җв”Җв”Җв”Җв”Җв”ҳ
Trainable params: 363 M                                                         
Non-trainable params: 2.0 B                                                     
Total params: 2.4 B                                                             
Total estimated model params size (MB): 9.6 K                                   
Modules in train mode: 2291                                                     
Modules in eval mode: 365                                                       
Total FLOPs: 0                                                                  
Data shape for DDIM sampling is (2, 4, 48, 48), eta 0.0
Running DDIM Sampling with 50 timesteps
Data shape for DDIM sampling is (2, 4, 48, 48), eta 0.0
Running DDIM Sampling with 50 timesteps
Epoch 0/-2 в”Ғв”Ғв”Ғв”Ғв”Ғв”Ғв”Ғв”Ғв”Ғв”Ғв”Ғв”Ғв”Ғв”Ғв”Ғв”Ғв”Ғ 40/20 0:00:21 вҖў 0:00:00 3.16it/s v_num: 0          
                                                              train/loss_simpleвҖҰ
                                                              0.051             
                                                              train/loss_vlb_stвҖҰ
                                                              0.000             
                                                              train/loss_step:  
                                                              0.051 global_step:
                                                              19.000            
                                                              train/loss_simpleвҖҰ
                                                              0.112             
                                                              train/loss_vlb_epвҖҰ
                                                              0.003             
                                                              train/loss_epoch: 
                                                              0.112             

Training complete.  [preset=scratch]
Checkpoints saved in: runs/scratch/
Load checkpoint with: model.load_state_dict(load_state_dict('runs/scratch/.../last.ckpt'))
Images saved in:      runs/scratch/image_log/

в•җв•җв•җв•җв•җв•җв•җв•җв•җв•җв•җв•җв•җв•җв•җв•җв•җв•җв•җв•җв•җв•җв•җв•җв•җв•җв•җв•җв•җв•җв•җв•җв•җв•җв•җв•җв•җв•җв•җв•җв•җв•җв•җв•җв•җв•җв•җв•җв•җв•җв•җв•җв•җв•җв•җв•җв•җв•җв•җ
  JOB SUMMARY вҖ” 726
в•җв•җв•җв•җв•җв•җв•җв•җв•җв•җв•җв•җв•җв•җв•җв•җв•җв•җв•җв•җв•җв•җв•җв•җв•җв•җв•җв•җв•җв•җв•җв•җв•җв•җв•җв•җв•җв•җв•җв•җв•җв•җв•җв•җв•җв•җв•җв•җв•җв•җв•җв•җв•җв•җв•җв•җв•җв•җв•җ
  Node:     t102-ws02.if.haw-landshut.de
  GPU:      NVIDIA GeForce RTX 4090, 43, 0 %, 336 MiB, 24564 MiB
  Started:  Sun Apr 19 23:30:23 CEST 2026
  Finished: Sun Apr 19 23:35:49 CEST 2026
  Exit:     0

  Disk usage:
    paper_faithful_scratch_20260419_233156_full_paper_scratch: 6.8M (0 ckpts, 48 images)
    polyp_transfer_20260419_233156_full_transfer_base: 4.7M (0 ckpts, 18 images)
    scratch: 12G (1 ckpts, 24 images)
    scratch_20260419_233156_full_scratch_base: 6.9M (0 ckpts, 24 images)

в•җв•җв•җв•җв•җв•җв•җв•җв•җв•җв•җв•җв•җв•җв•җв•җв•җв•җв•җв•җв•җв•җв•җв•җв•җв•җв•җв•җв•җв•җв•җв•җв•җв•җв•җв•җв•җв•җв•җв•җв•җв•җв•җв•җв•җв•җв•җв•җв•җв•җв•җв•җв•җв•җв•җв•җв•җв•җв•җ
