Job 728 on t102-ws05.if.haw-landshut.de — NVIDIA GeForce RTX 4090
Preset: scratch_unlocked  |  Starting at Mon Apr 20 04:07:49 CEST 2026
logging improved.
Enabled sliced_attention.
  Resolved $scratch → runs/scratch/version_0/checkpoints/last.ckpt

============================================================
  PRESET: scratch_unlocked
  Scratch 20k → unlock last 3 decoder blocks (progressive unfreezing)
  ckpt:       runs/scratch/version_0/checkpoints/last.ckpt
  sd_locked:  False  |  unlock_last_n: 3
  mask_cn:    True  |  image_cn: False
  lr: 5e-06  |  decoder_lr: 5.000000000000001e-07  |  max_steps: 10000
  image_loss: 0.0  |  distill: 0.0
  ctrl_w_mask: 1.0  |  ctrl_w_image: 0.25
  log_dir:    runs/scratch_unlocked_20260419_233156_full_scratch_unlocked
  run_tag:    20260419_233156_full_scratch_unlocked
  data_root:  /mnt/home/mtschi/ADC/data/train/prompt.json
  auto_resume:False
============================================================

[Workstation] CUDA GPU: NVIDIA GeForce RTX 4090, precision=bf16-mixed, batch=2
  logger_freq: 400 steps (every 1600 samples)
No module 'xformers'. Proceeding without it.
ControlLDM: Running in eps-prediction mode
DiffusionWrapper has 1474.61 M params.
making attention of type 'vanilla' with 512 in_channels
Working with z of shape (1, 4, 32, 32) = 4096 dimensions.
making attention of type 'vanilla' with 512 in_channels
Loaded model config from [./models/cldm_v15.yaml]
Loaded state_dict from [runs/scratch/version_0/checkpoints/last.ckpt]

Dataset: 1601 samples, batch_size=2, effective_bs=4, steps=10000

Auto-resume disabled (AUTO_RESUME=0)

── Sanity check: 2 training steps + image generation ──
┏━━━┳━━━━━━━━━━━━━━━━━━━━━┳━━━━━━━━━━━━━━━━━━━━┳━━━━━━━━┳━━━━━━━┳━━━━━━━┓
┃   ┃ Name                ┃ Type               ┃ Params ┃ Mode  ┃ FLOPs ┃
┡━━━╇━━━━━━━━━━━━━━━━━━━━━╇━━━━━━━━━━━━━━━━━━━━╇━━━━━━━━╇━━━━━━━╇━━━━━━━┩
│ 0 │ model               │ DiffusionWrapper   │  1.5 B │ train │     0 │
│ 1 │ first_stage_model   │ AutoencoderKL      │ 83.7 M │ eval  │     0 │
│ 2 │ cond_stage_model    │ FrozenCLIPEmbedder │  123 M │ eval  │     0 │
│ 3 │ control_model       │ ControlNet         │  363 M │ train │     0 │
│ 4 │ image_control_model │ ControlNet         │  363 M │ train │     0 │
└───┴─────────────────────┴────────────────────┴────────┴───────┴───────┘
Trainable params: 1.8 B                                                         
Non-trainable params: 570 M                                                     
Total params: 2.4 B                                                             
Total estimated model params size (MB): 9.6 K                                   
Modules in train mode: 2291                                                     
Modules in eval mode: 365                                                       
Total FLOPs: 0                                                                  
Data shape for DDIM sampling is (2, 4, 48, 48), eta 0.0
Running DDIM Sampling with 50 timesteps
Data shape for DDIM sampling is (2, 4, 48, 48), eta 0.0
Running DDIM Sampling with 50 timesteps
Data shape for DDIM sampling is (2, 4, 48, 48), eta 0.0
Running DDIM Sampling with 50 timesteps
Data shape for DDIM sampling is (2, 4, 48, 48), eta 0.0
Running DDIM Sampling with 50 timesteps
Data shape for DDIM sampling is (2, 4, 48, 48), eta 0.0
Running DDIM Sampling with 50 timesteps
Data shape for DDIM sampling is (2, 4, 48, 48), eta 0.0
Running DDIM Sampling with 50 timesteps
Data shape for DDIM sampling is (2, 4, 48, 48), eta 0.0
Running DDIM Sampling with 50 timesteps
Data shape for DDIM sampling is (2, 4, 48, 48), eta 0.0
Running DDIM Sampling with 50 timesteps
Epoch 0/-2 ━━━━━━━━━━━━━━━━━━ 4/2 0:00:31 • 0:00:00 0.06it/s v_num: 0.000       
                                                             train/loss_simple_…
                                                             0.346              
                                                             train/loss_vlb_ste…
                                                             0.004              
                                                             train/loss_step:   
                                                             0.346 global_step: 
                                                             1.000              
                                                             train/loss_simple_…
                                                             0.132              
                                                             train/loss_vlb_epo…
                                                             0.001              
                                                             train/loss_epoch:  
                                                             0.132              
── Sanity check passed ✓ ──

TensorBoard logs: runs/scratch_unlocked_20260419_233156_full_scratch_unlocked/tb/version_0

Starting training from: runs/scratch/version_0/checkpoints/last.ckpt
┏━━━┳━━━━━━━━━━━━━━━━━━━━━┳━━━━━━━━━━━━━━━━━━━━┳━━━━━━━━┳━━━━━━━┳━━━━━━━┓
┃   ┃ Name                ┃ Type               ┃ Params ┃ Mode  ┃ FLOPs ┃
┡━━━╇━━━━━━━━━━━━━━━━━━━━━╇━━━━━━━━━━━━━━━━━━━━╇━━━━━━━━╇━━━━━━━╇━━━━━━━┩
│ 0 │ model               │ DiffusionWrapper   │  1.5 B │ train │     0 │
│ 1 │ first_stage_model   │ AutoencoderKL      │ 83.7 M │ eval  │     0 │
│ 2 │ cond_stage_model    │ FrozenCLIPEmbedder │  123 M │ eval  │     0 │
│ 3 │ control_model       │ ControlNet         │  363 M │ train │     0 │
│ 4 │ image_control_model │ ControlNet         │  363 M │ train │     0 │
└───┴─────────────────────┴────────────────────┴────────┴───────┴───────┘
Trainable params: 1.8 B                                                         
Non-trainable params: 570 M                                                     
Total params: 2.4 B                                                             
Total estimated model params size (MB): 9.6 K                                   
Modules in train mode: 2291                                                     
Modules in eval mode: 365                                                       
Total FLOPs: 0                                                                  
Data shape for DDIM sampling is (2, 4, 48, 48), eta 0.0
Running DDIM Sampling with 50 timesteps
Data shape for DDIM sampling is (2, 4, 48, 48), eta 0.0
Running DDIM Sampling with 50 timesteps
Data shape for DDIM sampling is (2, 4, 48, 48), eta 0.0
Running DDIM Sampling with 50 timesteps
Data shape for DDIM sampling is (2, 4, 48, 48), eta 0.0
Running DDIM Sampling with 50 timesteps
Data shape for DDIM sampling is (2, 4, 48, 48), eta 0.0
Running DDIM Sampling with 50 timesteps
Data shape for DDIM sampling is (2, 4, 48, 48), eta 0.0
Running DDIM Sampling with 50 timesteps
Data shape for DDIM sampling is (2, 4, 48, 48), eta 0.0
Running DDIM Sampling with 50 timesteps
Data shape for DDIM sampling is (2, 4, 48, 48), eta 0.0
Running DDIM Sampling with 50 timesteps
Data shape for DDIM sampling is (2, 4, 48, 48), eta 0.0
Running DDIM Sampling with 50 timesteps
Data shape for DDIM sampling is (2, 4, 48, 48), eta 0.0
Running DDIM Sampling with 50 timesteps
Data shape for DDIM sampling is (2, 4, 48, 48), eta 0.0
Running DDIM Sampling with 50 timesteps
Data shape for DDIM sampling is (2, 4, 48, 48), eta 0.0
Running DDIM Sampling with 50 timesteps
Data shape for DDIM sampling is (2, 4, 48, 48), eta 0.0
Running DDIM Sampling with 50 timesteps
Data shape for DDIM sampling is (2, 4, 48, 48), eta 0.0
Running DDIM Sampling with 50 timesteps
Data shape for DDIM sampling is (2, 4, 48, 48), eta 0.0
Running DDIM Sampling with 50 timesteps
Data shape for DDIM sampling is (2, 4, 48, 48), eta 0.0
Running DDIM Sampling with 50 timesteps
Data shape for DDIM sampling is (2, 4, 48, 48), eta 0.0
Running DDIM Sampling with 50 timesteps
Data shape for DDIM sampling is (2, 4, 48, 48), eta 0.0
Running DDIM Sampling with 50 timesteps
Data shape for DDIM sampling is (2, 4, 48, 48), eta 0.0
Running DDIM Sampling with 50 timesteps
Data shape for DDIM sampling is (2, 4, 48, 48), eta 0.0
Running DDIM Sampling with 50 timesteps
Data shape for DDIM sampling is (2, 4, 48, 48), eta 0.0
Running DDIM Sampling with 50 timesteps
Data shape for DDIM sampling is (2, 4, 48, 48), eta 0.0
Running DDIM Sampling with 50 timesteps
Data shape for DDIM sampling is (2, 4, 48, 48), eta 0.0
Running DDIM Sampling with 50 timesteps
Data shape for DDIM sampling is (2, 4, 48, 48), eta 0.0
Running DDIM Sampling with 50 timesteps
Data shape for DDIM sampling is (2, 4, 48, 48), eta 0.0
Running DDIM Sampling with 50 timesteps
Data shape for DDIM sampling is (2, 4, 48, 48), eta 0.0
Running DDIM Sampling with 50 timesteps
Data shape for DDIM sampling is (2, 4, 48, 48), eta 0.0
Running DDIM Sampling with 50 timesteps
Data shape for DDIM sampling is (2, 4, 48, 48), eta 0.0
Running DDIM Sampling with 50 timesteps
Data shape for DDIM sampling is (2, 4, 48, 48), eta 0.0
Running DDIM Sampling with 50 timesteps
Data shape for DDIM sampling is (2, 4, 48, 48), eta 0.0
Running DDIM Sampling with 50 timesteps
Data shape for DDIM sampling is (2, 4, 48, 48), eta 0.0
Running DDIM Sampling with 50 timesteps
Data shape for DDIM sampling is (2, 4, 48, 48), eta 0.0
Running DDIM Sampling with 50 timesteps
Data shape for DDIM sampling is (2, 4, 48, 48), eta 0.0
Running DDIM Sampling with 50 timesteps
Data shape for DDIM sampling is (2, 4, 48, 48), eta 0.0
Running DDIM Sampling with 50 timesteps
Data shape for DDIM sampling is (2, 4, 48, 48), eta 0.0
Running DDIM Sampling with 50 timesteps
Data shape for DDIM sampling is (2, 4, 48, 48), eta 0.0
Running DDIM Sampling with 50 timesteps
Data shape for DDIM sampling is (2, 4, 48, 48), eta 0.0
Running DDIM Sampling with 50 timesteps
Data shape for DDIM sampling is (2, 4, 48, 48), eta 0.0
Running DDIM Sampling with 50 timesteps
Data shape for DDIM sampling is (2, 4, 48, 48), eta 0.0
Running DDIM Sampling with 50 timesteps
Data shape for DDIM sampling is (2, 4, 48, 48), eta 0.0
Running DDIM Sampling with 50 timesteps
Data shape for DDIM sampling is (2, 4, 48, 48), eta 0.0
Running DDIM Sampling with 50 timesteps
Data shape for DDIM sampling is (2, 4, 48, 48), eta 0.0
Running DDIM Sampling with 50 timesteps
Data shape for DDIM sampling is (2, 4, 48, 48), eta 0.0
Running DDIM Sampling with 50 timesteps
Data shape for DDIM sampling is (2, 4, 48, 48), eta 0.0
Running DDIM Sampling with 50 timesteps
Data shape for DDIM sampling is (2, 4, 48, 48), eta 0.0
Running DDIM Sampling with 50 timesteps
Data shape for DDIM sampling is (2, 4, 48, 48), eta 0.0
Running DDIM Sampling with 50 timesteps
Data shape for DDIM sampling is (2, 4, 48, 48), eta 0.0
Running DDIM Sampling with 50 timesteps
Data shape for DDIM sampling is (2, 4, 48, 48), eta 0.0
Running DDIM Sampling with 50 timesteps
Data shape for DDIM sampling is (2, 4, 48, 48), eta 0.0
Running DDIM Sampling with 50 timesteps
Data shape for DDIM sampling is (2, 4, 48, 48), eta 0.0
Running DDIM Sampling with 50 timesteps
Data shape for DDIM sampling is (2, 4, 48, 48), eta 0.0
Running DDIM Sampling with 50 timesteps
Data shape for DDIM sampling is (2, 4, 48, 48), eta 0.0
Running DDIM Sampling with 50 timesteps
Data shape for DDIM sampling is (2, 4, 48, 48), eta 0.0
Running DDIM Sampling with 50 timesteps
Data shape for DDIM sampling is (2, 4, 48, 48), eta 0.0
Running DDIM Sampling with 50 timesteps
Data shape for DDIM sampling is (2, 4, 48, 48), eta 0.0
Running DDIM Sampling with 50 timesteps
Data shape for DDIM sampling is (2, 4, 48, 48), eta 0.0
Running DDIM Sampling with 50 timesteps
Data shape for DDIM sampling is (2, 4, 48, 48), eta 0.0
Running DDIM Sampling with 50 timesteps
Data shape for DDIM sampling is (2, 4, 48, 48), eta 0.0
Running DDIM Sampling with 50 timesteps
Data shape for DDIM sampling is (2, 4, 48, 48), eta 0.0
Running DDIM Sampling with 50 timesteps
Data shape for DDIM sampling is (2, 4, 48, 48), eta 0.0
Running DDIM Sampling with 50 timesteps
Data shape for DDIM sampling is (2, 4, 48, 48), eta 0.0
Running DDIM Sampling with 50 timesteps
Data shape for DDIM sampling is (2, 4, 48, 48), eta 0.0
Running DDIM Sampling with 50 timesteps
Data shape for DDIM sampling is (2, 4, 48, 48), eta 0.0
Running DDIM Sampling with 50 timesteps
Data shape for DDIM sampling is (2, 4, 48, 48), eta 0.0
Running DDIM Sampling with 50 timesteps
Data shape for DDIM sampling is (2, 4, 48, 48), eta 0.0
Running DDIM Sampling with 50 timesteps
Data shape for DDIM sampling is (2, 4, 48, 48), eta 0.0
Running DDIM Sampling with 50 timesteps
Data shape for DDIM sampling is (2, 4, 48, 48), eta 0.0
Running DDIM Sampling with 50 timesteps
Data shape for DDIM sampling is (2, 4, 48, 48), eta 0.0
Running DDIM Sampling with 50 timesteps
Data shape for DDIM sampling is (2, 4, 48, 48), eta 0.0
Running DDIM Sampling with 50 timesteps
Data shape for DDIM sampling is (2, 4, 48, 48), eta 0.0
Running DDIM Sampling with 50 timesteps
Data shape for DDIM sampling is (2, 4, 48, 48), eta 0.0
Running DDIM Sampling with 50 timesteps
Data shape for DDIM sampling is (2, 4, 48, 48), eta 0.0
Running DDIM Sampling with 50 timesteps
Data shape for DDIM sampling is (2, 4, 48, 48), eta 0.0
Running DDIM Sampling with 50 timesteps
Data shape for DDIM sampling is (2, 4, 48, 48), eta 0.0
Running DDIM Sampling with 50 timesteps
Data shape for DDIM sampling is (2, 4, 48, 48), eta 0.0
Running DDIM Sampling with 50 timesteps
Data shape for DDIM sampling is (2, 4, 48, 48), eta 0.0
Running DDIM Sampling with 50 timesteps
Data shape for DDIM sampling is (2, 4, 48, 48), eta 0.0
Running DDIM Sampling with 50 timesteps
Data shape for DDIM sampling is (2, 4, 48, 48), eta 0.0
Running DDIM Sampling with 50 timesteps
Data shape for DDIM sampling is (2, 4, 48, 48), eta 0.0
Running DDIM Sampling with 50 timesteps
Data shape for DDIM sampling is (2, 4, 48, 48), eta 0.0
Running DDIM Sampling with 50 timesteps
Data shape for DDIM sampling is (2, 4, 48, 48), eta 0.0
Running DDIM Sampling with 50 timesteps
Data shape for DDIM sampling is (2, 4, 48, 48), eta 0.0
Running DDIM Sampling with 50 timesteps
Data shape for DDIM sampling is (2, 4, 48, 48), eta 0.0
Running DDIM Sampling with 50 timesteps
Data shape for DDIM sampling is (2, 4, 48, 48), eta 0.0
Running DDIM Sampling with 50 timesteps
Data shape for DDIM sampling is (2, 4, 48, 48), eta 0.0
Running DDIM Sampling with 50 timesteps
Data shape for DDIM sampling is (2, 4, 48, 48), eta 0.0
Running DDIM Sampling with 50 timesteps
Data shape for DDIM sampling is (2, 4, 48, 48), eta 0.0
Running DDIM Sampling with 50 timesteps
Data shape for DDIM sampling is (2, 4, 48, 48), eta 0.0
Running DDIM Sampling with 50 timesteps
Data shape for DDIM sampling is (2, 4, 48, 48), eta 0.0
Running DDIM Sampling with 50 timesteps
Data shape for DDIM sampling is (2, 4, 48, 48), eta 0.0
Running DDIM Sampling with 50 timesteps
Data shape for DDIM sampling is (2, 4, 48, 48), eta 0.0
Running DDIM Sampling with 50 timesteps
Data shape for DDIM sampling is (2, 4, 48, 48), eta 0.0
Running DDIM Sampling with 50 timesteps
Data shape for DDIM sampling is (2, 4, 48, 48), eta 0.0
Running DDIM Sampling with 50 timesteps
Data shape for DDIM sampling is (2, 4, 48, 48), eta 0.0
Running DDIM Sampling with 50 timesteps
Data shape for DDIM sampling is (2, 4, 48, 48), eta 0.0
Running DDIM Sampling with 50 timesteps
Data shape for DDIM sampling is (2, 4, 48, 48), eta 0.0
Running DDIM Sampling with 50 timesteps
Data shape for DDIM sampling is (2, 4, 48, 48), eta 0.0
Running DDIM Sampling with 50 timesteps
Data shape for DDIM sampling is (2, 4, 48, 48), eta 0.0
Running DDIM Sampling with 50 timesteps
Data shape for DDIM sampling is (2, 4, 48, 48), eta 0.0
Running DDIM Sampling with 50 timesteps
Data shape for DDIM sampling is (2, 4, 48, 48), eta 0.0
Running DDIM Sampling with 50 timesteps
Epoch 24/-2 ━━━━━━━━━━━━━━━━ 800/400 0:02:25 •        3.09it/s v_num: 0         
                                     0:00:00                   train/loss_simpl…
                                                               0.161            
                                                               train/loss_vlb_s…
                                                               0.001            
                                                               train/loss_step: 
                                                               0.161            
                                                               global_step:     
                                                               9999.000         
                                                               train/loss_simpl…
                                                               0.111            
                                                               train/loss_vlb_e…
                                                               0.003            
                                                               train/loss_epoch:
                                                               0.111            

Training complete.  [preset=scratch_unlocked]
Checkpoints saved in: runs/scratch_unlocked_20260419_233156_full_scratch_unlocked/
Load checkpoint with: model.load_state_dict(load_state_dict('runs/scratch_unlocked_20260419_233156_full_scratch_unlocked/.../last.ckpt'))
Images saved in:      runs/scratch_unlocked_20260419_233156_full_scratch_unlocked/image_log/

═══════════════════════════════════════════════════════════
  JOB SUMMARY — 728
═══════════════════════════════════════════════════════════
  Node:     t102-ws05.if.haw-landshut.de
  GPU:      NVIDIA GeForce RTX 4090, 46, 0 %, 237 MiB, 24564 MiB
  Started:  Mon Apr 20 04:07:49 CEST 2026
  Finished: Mon Apr 20 06:32:01 CEST 2026
  Exit:     0

  Disk usage:
    paper_faithful_scratch_20260419_233156_full_paper_scratch: 29G (2 ckpts, 1278 images)
    polyp_transfer_20260419_233156_full_transfer_base: 20M (0 ckpts, 78 images)
    scratch: 12G (1 ckpts, 24 images)
    scratch_20260419_233156_full_scratch_base: 24G (2 ckpts, 618 images)
    scratch_unlocked_20260419_233156_full_scratch_unlocked: 24G (2 ckpts, 318 images)

═══════════════════════════════════════════════════════════
