Job 730 on k017-ws03.if.haw-landshut.de — NVIDIA GeForce RTX 3090
Preset: polyp_transfer  |  Starting at Sun Apr 19 23:31:57 CEST 2026
logging improved.
Enabled sliced_attention.

============================================================
  PRESET: polyp_transfer
  ADC polyp weights → liver (closer medical domain)
  ckpt:       ./adc_weights/merged_pytorch_model.pth
  sd_locked:  True  |  unlock_last_n: 0
  mask_cn:    True  |  image_cn: False
  lr: 1e-05  |  decoder_lr: 1.0000000000000002e-06  |  max_steps: 20000
  image_loss: 0.0  |  distill: 0.0
  ctrl_w_mask: 1.0  |  ctrl_w_image: 0.25
  log_dir:    runs/polyp_transfer_20260419_233156_full_transfer_base
  run_tag:    20260419_233156_full_transfer_base
  data_root:  /mnt/home/mtschi/ADC/data/train/prompt.json
  auto_resume:False
============================================================

[Workstation] CUDA GPU: NVIDIA GeForce RTX 3090, precision=bf16-mixed, batch=2
  logger_freq: 400 steps (every 1600 samples)
No module 'xformers'. Proceeding without it.
ControlLDM: Running in eps-prediction mode
DiffusionWrapper has 1474.61 M params.
making attention of type 'vanilla' with 512 in_channels
Working with z of shape (1, 4, 32, 32) = 4096 dimensions.
making attention of type 'vanilla' with 512 in_channels
Loaded model config from [./models/cldm_v15.yaml]
Loaded state_dict from [./adc_weights/merged_pytorch_model.pth]

Dataset: 1601 samples, batch_size=2, effective_bs=4, steps=20000

Auto-resume disabled (AUTO_RESUME=0)

── Sanity check: 2 training steps + image generation ──
┏━━━┳━━━━━━━━━━━━━━━━━━━━━┳━━━━━━━━━━━━━━━━━━━━┳━━━━━━━━┳━━━━━━━┳━━━━━━━┓
┃   ┃ Name                ┃ Type               ┃ Params ┃ Mode  ┃ FLOPs ┃
┡━━━╇━━━━━━━━━━━━━━━━━━━━━╇━━━━━━━━━━━━━━━━━━━━╇━━━━━━━━╇━━━━━━━╇━━━━━━━┩
│ 0 │ model               │ DiffusionWrapper   │  1.5 B │ train │     0 │
│ 1 │ first_stage_model   │ AutoencoderKL      │ 83.7 M │ eval  │     0 │
│ 2 │ cond_stage_model    │ FrozenCLIPEmbedder │  123 M │ eval  │     0 │
│ 3 │ control_model       │ ControlNet         │  363 M │ train │     0 │
│ 4 │ image_control_model │ ControlNet         │  363 M │ train │     0 │
└───┴─────────────────────┴────────────────────┴────────┴───────┴───────┘
Trainable params: 363 M                                                         
Non-trainable params: 2.0 B                                                     
Total params: 2.4 B                                                             
Total estimated model params size (MB): 9.6 K                                   
Modules in train mode: 2291                                                     
Modules in eval mode: 365                                                       
Total FLOPs: 0                                                                  
Data shape for DDIM sampling is (2, 4, 48, 48), eta 0.0
Running DDIM Sampling with 50 timesteps
Data shape for DDIM sampling is (2, 4, 48, 48), eta 0.0
Running DDIM Sampling with 50 timesteps
Data shape for DDIM sampling is (2, 4, 48, 48), eta 0.0
Running DDIM Sampling with 50 timesteps
Data shape for DDIM sampling is (2, 4, 48, 48), eta 0.0
Running DDIM Sampling with 50 timesteps
Data shape for DDIM sampling is (2, 4, 48, 48), eta 0.0
Running DDIM Sampling with 50 timesteps
Data shape for DDIM sampling is (2, 4, 48, 48), eta 0.0
Running DDIM Sampling with 50 timesteps
Data shape for DDIM sampling is (2, 4, 48, 48), eta 0.0
Running DDIM Sampling with 50 timesteps
Data shape for DDIM sampling is (2, 4, 48, 48), eta 0.0
Running DDIM Sampling with 50 timesteps
Epoch 0/-2 ━━━━━━━━━━━━━━━━━━ 4/2 0:01:09 • 0:00:00 0.00it/s v_num: 0.000       
                                                             train/loss_simple_…
                                                             0.362              
                                                             train/loss_vlb_ste…
                                                             0.004              
                                                             train/loss_step:   
                                                             0.362 global_step: 
                                                             1.000              
                                                             train/loss_simple_…
                                                             0.139              
                                                             train/loss_vlb_epo…
                                                             0.001              
                                                             train/loss_epoch:  
                                                             0.139              
── Sanity check passed ✓ ──

TensorBoard logs: runs/polyp_transfer_20260419_233156_full_transfer_base/tb/version_0

Starting training from: ./adc_weights/merged_pytorch_model.pth
┏━━━┳━━━━━━━━━━━━━━━━━━━━━┳━━━━━━━━━━━━━━━━━━━━┳━━━━━━━━┳━━━━━━━┳━━━━━━━┓
┃   ┃ Name                ┃ Type               ┃ Params ┃ Mode  ┃ FLOPs ┃
┡━━━╇━━━━━━━━━━━━━━━━━━━━━╇━━━━━━━━━━━━━━━━━━━━╇━━━━━━━━╇━━━━━━━╇━━━━━━━┩
│ 0 │ model               │ DiffusionWrapper   │  1.5 B │ train │     0 │
│ 1 │ first_stage_model   │ AutoencoderKL      │ 83.7 M │ eval  │     0 │
│ 2 │ cond_stage_model    │ FrozenCLIPEmbedder │  123 M │ eval  │     0 │
│ 3 │ control_model       │ ControlNet         │  363 M │ train │     0 │
│ 4 │ image_control_model │ ControlNet         │  363 M │ train │     0 │
└───┴─────────────────────┴────────────────────┴────────┴───────┴───────┘
Trainable params: 363 M                                                         
Non-trainable params: 2.0 B                                                     
Total params: 2.4 B                                                             
Total estimated model params size (MB): 9.6 K                                   
Modules in train mode: 2291                                                     
Modules in eval mode: 365                                                       
Total FLOPs: 0                                                                  
Data shape for DDIM sampling is (2, 4, 48, 48), eta 0.0
Running DDIM Sampling with 50 timesteps
Data shape for DDIM sampling is (2, 4, 48, 48), eta 0.0
Running DDIM Sampling with 50 timesteps
Data shape for DDIM sampling is (2, 4, 48, 48), eta 0.0
Running DDIM Sampling with 50 timesteps
Data shape for DDIM sampling is (2, 4, 48, 48), eta 0.0
Running DDIM Sampling with 50 timesteps
Data shape for DDIM sampling is (2, 4, 48, 48), eta 0.0
Running DDIM Sampling with 50 timesteps
Data shape for DDIM sampling is (2, 4, 48, 48), eta 0.0
Running DDIM Sampling with 50 timesteps
Data shape for DDIM sampling is (2, 4, 48, 48), eta 0.0
Running DDIM Sampling with 50 timesteps
Data shape for DDIM sampling is (2, 4, 48, 48), eta 0.0
Running DDIM Sampling with 50 timesteps
Data shape for DDIM sampling is (2, 4, 48, 48), eta 0.0
Running DDIM Sampling with 50 timesteps
Data shape for DDIM sampling is (2, 4, 48, 48), eta 0.0
Running DDIM Sampling with 50 timesteps
Data shape for DDIM sampling is (2, 4, 48, 48), eta 0.0
Running DDIM Sampling with 50 timesteps
Data shape for DDIM sampling is (2, 4, 48, 48), eta 0.0
Running DDIM Sampling with 50 timesteps
Data shape for DDIM sampling is (2, 4, 48, 48), eta 0.0
Running DDIM Sampling with 50 timesteps
Data shape for DDIM sampling is (2, 4, 48, 48), eta 0.0
Running DDIM Sampling with 50 timesteps
Data shape for DDIM sampling is (2, 4, 48, 48), eta 0.0
Running DDIM Sampling with 50 timesteps
Data shape for DDIM sampling is (2, 4, 48, 48), eta 0.0
Running DDIM Sampling with 50 timesteps
Data shape for DDIM sampling is (2, 4, 48, 48), eta 0.0
Running DDIM Sampling with 50 timesteps
Data shape for DDIM sampling is (2, 4, 48, 48), eta 0.0
Running DDIM Sampling with 50 timesteps
Data shape for DDIM sampling is (2, 4, 48, 48), eta 0.0
Running DDIM Sampling with 50 timesteps
Data shape for DDIM sampling is (2, 4, 48, 48), eta 0.0
Running DDIM Sampling with 50 timesteps
Epoch 4/-2 ━━━━━━━━━━━━━━━━ 800/800 0:10:55 • 0:00:00 1.36it/s v_num: 0         
                                                               train/loss_simpl…
                                                               0.135            
                                                               train/loss_vlb_s…
                                                               0.001            
                                                               train/loss_step: 
                                                               0.135            
                                                               global_step:     
                                                               1999.000         
                                                               train/loss_simpl…
                                                               0.113            
                                                               train/loss_vlb_e…
                                                               0.003            
                                                               train/loss_epoch:
                                                               0.113            

═══════════════════════════════════════════════════════════
  JOB SUMMARY — 730
═══════════════════════════════════════════════════════════
  Node:     k017-ws03.if.haw-landshut.de
  GPU:      NVIDIA GeForce RTX 3090, 59, 0 %, 26 MiB, 24576 MiB
  Started:  Sun Apr 19 23:31:57 CEST 2026
  Finished: Mon Apr 20 00:31:29 CEST 2026
  Exit:     1

  Disk usage:
    paper_faithful_scratch_20260419_233156_full_paper_scratch: 29G (2 ckpts, 210 images)
    polyp_transfer_20260419_233156_full_transfer_base: 20M (0 ckpts, 78 images)
    scratch: 12G (1 ckpts, 24 images)
    scratch_20260419_233156_full_scratch_base: 24G (2 ckpts, 144 images)

═══════════════════════════════════════════════════════════
