Job 735 on k017-ws11.if.haw-landshut.de — NVIDIA GeForce RTX 3090
Preset: paper_faithful_polyp  |  Starting at Sun Apr 19 23:31:58 CEST 2026
logging improved.
Enabled sliced_attention.

============================================================
  PRESET: paper_faithful_polyp
  Paper-faithful ADC: both CNs + distillation, decoders frozen (from polyp weights)
  ckpt:       ./adc_weights/merged_pytorch_model.pth
  sd_locked:  True  |  unlock_last_n: 0
  mask_cn:    True  |  image_cn: True
  lr: 1e-05  |  decoder_lr: 1.0000000000000002e-06  |  max_steps: 24000
  image_loss: 1.0  |  distill: 1.0
  ctrl_w_mask: 1.0  |  ctrl_w_image: 1.0
  log_dir:    runs/paper_faithful_polyp_20260419_233156_full_paper_polyp
  run_tag:    20260419_233156_full_paper_polyp
  data_root:  /mnt/home/mtschi/ADC/data/train/prompt.json
  auto_resume:False
============================================================

═══════════════════════════════════════════════════════════
  JOB SUMMARY — 735
═══════════════════════════════════════════════════════════
  Node:     k017-ws11.if.haw-landshut.de
  GPU:      NVIDIA GeForce RTX 3090, 29, 0 %, 72 MiB, 24576 MiB
  Started:  Sun Apr 19 23:31:58 CEST 2026
  Finished: Sun Apr 19 23:32:15 CEST 2026
  Exit:     1

  Disk usage:
    scratch: 0 (0 ckpts, 0 images)

═══════════════════════════════════════════════════════════
